2025-03-17 16:45:40,649 [INFO] Starting up the API server...
2025-03-17 16:45:40,650 [INFO] API server started successfully
2025-03-17 17:37:35,339 [INFO] Starting up the API server...
2025-03-17 17:37:35,341 [INFO] API server started successfully
2025-03-17 17:37:59,785 [INFO] 1 change detected
2025-03-17 17:38:00,139 [INFO] 1 change detected
2025-03-17 17:38:00,500 [INFO] 1 change detected
2025-03-17 17:38:00,863 [INFO] 1 change detected
2025-03-17 17:38:01,226 [INFO] 1 change detected
2025-03-17 17:38:01,585 [INFO] 1 change detected
2025-03-17 17:38:01,946 [INFO] 1 change detected
2025-03-17 17:38:02,312 [INFO] 1 change detected
2025-03-17 17:38:02,678 [INFO] 1 change detected
2025-03-17 17:38:03,651 [INFO] 1 change detected
2025-03-17 17:38:04,017 [INFO] 1 change detected
2025-03-17 17:38:04,384 [INFO] 1 change detected
2025-03-17 17:38:04,737 [INFO] 1 change detected
2025-03-17 17:38:05,097 [INFO] 1 change detected
2025-03-17 17:38:05,458 [INFO] 1 change detected
2025-03-17 17:38:05,820 [INFO] 1 change detected
2025-03-17 17:38:07,194 [INFO] 1 change detected
2025-03-17 17:38:07,551 [INFO] 1 change detected
2025-03-17 17:38:07,910 [INFO] 1 change detected
2025-03-17 17:38:08,271 [INFO] 1 change detected
2025-03-17 17:38:08,626 [INFO] 1 change detected
2025-03-17 17:38:08,990 [INFO] 1 change detected
2025-03-17 17:38:09,350 [INFO] 1 change detected
2025-03-17 17:38:10,621 [INFO] 1 change detected
2025-03-17 17:38:10,981 [INFO] 1 change detected
2025-03-17 17:38:11,346 [INFO] 1 change detected
2025-03-17 17:38:11,760 [INFO] 1 change detected
2025-03-17 17:38:12,167 [INFO] 1 change detected
2025-03-17 17:38:12,577 [INFO] 1 change detected
2025-03-17 17:38:12,937 [INFO] 1 change detected
2025-03-17 17:38:14,311 [INFO] 1 change detected
2025-03-17 17:38:14,670 [INFO] 1 change detected
2025-03-17 17:38:15,084 [INFO] 1 change detected
2025-03-17 17:38:15,488 [INFO] 1 change detected
2025-03-17 17:38:15,850 [INFO] 1 change detected
2025-03-17 17:38:16,301 [INFO] 1 change detected
2025-03-17 17:38:17,760 [INFO] 1 change detected
2025-03-17 17:38:18,122 [INFO] 1 change detected
2025-03-17 17:38:18,483 [INFO] 1 change detected
2025-03-17 17:38:18,899 [INFO] 1 change detected
2025-03-17 17:38:19,310 [INFO] 1 change detected
2025-03-17 17:38:19,720 [INFO] 1 change detected
2025-03-17 17:38:20,937 [INFO] 1 change detected
2025-03-17 17:38:21,291 [INFO] 1 change detected
2025-03-17 17:38:21,705 [INFO] 1 change detected
2025-03-17 17:38:22,115 [INFO] 1 change detected
2025-03-17 17:38:22,479 [INFO] 1 change detected
2025-03-17 17:38:22,891 [INFO] 1 change detected
2025-03-17 17:38:23,297 [INFO] 1 change detected
2025-03-17 17:38:24,568 [INFO] 1 change detected
2025-03-17 17:38:24,932 [INFO] 1 change detected
2025-03-17 17:38:25,346 [INFO] 1 change detected
2025-03-17 17:38:25,752 [INFO] 1 change detected
2025-03-17 17:38:26,165 [INFO] 1 change detected
2025-03-17 17:38:26,522 [INFO] 1 change detected
2025-03-17 17:38:27,999 [INFO] 1 change detected
2025-03-17 17:38:28,366 [INFO] 1 change detected
2025-03-17 17:38:28,724 [INFO] 1 change detected
2025-03-17 17:38:29,184 [INFO] 1 change detected
2025-03-17 17:38:29,543 [INFO] 1 change detected
2025-03-17 17:38:29,953 [INFO] 1 change detected
2025-03-17 17:38:31,276 [INFO] 1 change detected
2025-03-17 17:38:31,643 [INFO] 1 change detected
2025-03-17 17:38:32,005 [INFO] 1 change detected
2025-03-17 17:38:32,416 [INFO] 1 change detected
2025-03-17 17:38:32,827 [INFO] 1 change detected
2025-03-17 17:38:33,190 [INFO] 1 change detected
2025-03-17 17:38:33,608 [INFO] 1 change detected
2025-03-17 17:38:34,974 [INFO] 1 change detected
2025-03-17 17:38:35,332 [INFO] 1 change detected
2025-03-17 17:38:35,749 [INFO] 1 change detected
2025-03-17 17:38:36,163 [INFO] 1 change detected
2025-03-17 17:38:36,521 [INFO] 1 change detected
2025-03-17 17:38:36,939 [INFO] 1 change detected
2025-03-17 17:38:38,207 [INFO] 1 change detected
2025-03-17 17:38:38,564 [INFO] 1 change detected
2025-03-17 17:38:38,925 [INFO] 1 change detected
2025-03-17 17:38:39,389 [INFO] 1 change detected
2025-03-17 17:38:39,743 [INFO] 1 change detected
2025-03-17 17:38:40,159 [INFO] 1 change detected
2025-03-17 17:38:40,570 [INFO] 1 change detected
2025-03-17 17:38:41,890 [INFO] 1 change detected
2025-03-17 17:38:42,256 [INFO] 1 change detected
2025-03-17 17:38:42,616 [INFO] 1 change detected
2025-03-17 17:38:43,028 [INFO] 1 change detected
2025-03-17 17:38:43,440 [INFO] 1 change detected
2025-03-17 17:38:43,852 [INFO] 1 change detected
2025-03-17 17:38:45,070 [INFO] 1 change detected
2025-03-17 17:38:45,423 [INFO] 1 change detected
2025-03-17 17:38:45,785 [INFO] 1 change detected
2025-03-17 17:38:46,197 [INFO] 1 change detected
2025-03-17 17:38:46,560 [INFO] 1 change detected
2025-03-17 17:38:46,977 [INFO] 1 change detected
2025-03-17 17:38:47,359 [INFO] 1 change detected
2025-03-17 17:38:48,726 [INFO] 1 change detected
2025-03-17 17:38:49,084 [INFO] 1 change detected
2025-03-17 17:38:49,449 [INFO] 1 change detected
2025-03-17 17:38:49,858 [INFO] 1 change detected
2025-03-17 17:38:50,264 [INFO] 1 change detected
2025-03-17 17:38:50,674 [INFO] 1 change detected
2025-03-17 17:38:51,989 [INFO] 1 change detected
2025-03-17 17:38:52,346 [INFO] 1 change detected
2025-03-17 17:38:52,721 [INFO] 1 change detected
2025-03-17 17:38:53,135 [INFO] 1 change detected
2025-03-17 17:38:53,538 [INFO] 1 change detected
2025-03-17 17:38:53,943 [INFO] 1 change detected
2025-03-17 17:38:55,159 [INFO] 1 change detected
2025-03-17 17:38:55,519 [INFO] 1 change detected
2025-03-17 17:38:55,880 [INFO] 1 change detected
2025-03-17 17:38:56,290 [INFO] 1 change detected
2025-03-17 17:38:56,698 [INFO] 1 change detected
2025-03-17 17:38:57,106 [INFO] 1 change detected
2025-03-17 17:38:57,512 [INFO] 1 change detected
2025-03-17 17:38:58,783 [INFO] 1 change detected
2025-03-17 17:38:59,143 [INFO] 1 change detected
2025-03-17 17:38:59,508 [INFO] 1 change detected
2025-03-17 17:38:59,918 [INFO] 1 change detected
2025-03-17 17:39:00,323 [INFO] 1 change detected
2025-03-17 17:39:00,680 [INFO] 1 change detected
2025-03-17 17:39:01,952 [INFO] 1 change detected
2025-03-17 17:39:02,318 [INFO] 1 change detected
2025-03-17 17:39:02,679 [INFO] 1 change detected
2025-03-17 17:39:03,091 [INFO] 1 change detected
2025-03-17 17:39:03,499 [INFO] 1 change detected
2025-03-17 17:39:03,905 [INFO] 1 change detected
2025-03-17 17:39:04,315 [INFO] 1 change detected
2025-03-17 17:39:05,432 [INFO] 1 change detected
2025-03-17 17:39:05,795 [INFO] 1 change detected
2025-03-17 17:39:06,158 [INFO] 1 change detected
2025-03-17 17:39:06,566 [INFO] 1 change detected
2025-03-17 17:39:07,008 [INFO] 1 change detected
2025-03-17 17:39:07,376 [INFO] 1 change detected
2025-03-17 17:39:08,545 [INFO] 1 change detected
2025-03-17 17:39:08,899 [INFO] 1 change detected
2025-03-17 17:39:09,264 [INFO] 1 change detected
2025-03-17 17:39:09,676 [INFO] 1 change detected
2025-03-17 17:39:10,086 [INFO] 1 change detected
2025-03-17 17:39:10,451 [INFO] 1 change detected
2025-03-17 17:39:11,921 [INFO] 1 change detected
2025-03-17 17:39:12,282 [INFO] 1 change detected
2025-03-17 17:39:12,693 [INFO] 1 change detected
2025-03-17 17:39:13,054 [INFO] 1 change detected
2025-03-17 17:39:13,468 [INFO] 1 change detected
2025-03-17 17:39:13,882 [INFO] 1 change detected
2025-03-17 17:39:15,101 [INFO] 1 change detected
2025-03-17 17:39:15,472 [INFO] 1 change detected
2025-03-17 17:39:15,836 [INFO] 1 change detected
2025-03-17 17:39:16,249 [INFO] 1 change detected
2025-03-17 17:39:16,612 [INFO] 1 change detected
2025-03-17 17:39:17,024 [INFO] 1 change detected
2025-03-17 17:39:17,481 [INFO] 1 change detected
2025-03-17 17:39:18,792 [INFO] 1 change detected
2025-03-17 17:39:19,146 [INFO] 1 change detected
2025-03-17 17:39:19,503 [INFO] 1 change detected
2025-03-17 17:39:19,914 [INFO] 1 change detected
2025-03-17 17:39:20,327 [INFO] 1 change detected
2025-03-17 17:39:20,731 [INFO] 1 change detected
2025-03-17 17:39:21,947 [INFO] 1 change detected
2025-03-17 17:39:22,308 [INFO] 1 change detected
2025-03-17 17:39:22,719 [INFO] 1 change detected
2025-03-17 17:39:23,124 [INFO] 1 change detected
2025-03-17 17:39:23,530 [INFO] 1 change detected
2025-03-17 17:39:23,934 [INFO] 1 change detected
2025-03-17 17:39:24,340 [INFO] 1 change detected
2025-03-17 17:39:25,605 [INFO] 1 change detected
2025-03-17 17:39:25,961 [INFO] 1 change detected
2025-03-17 17:39:26,368 [INFO] 1 change detected
2025-03-17 17:39:26,781 [INFO] 1 change detected
2025-03-17 17:39:27,137 [INFO] 1 change detected
2025-03-17 17:39:27,549 [INFO] 1 change detected
2025-03-17 17:39:28,712 [INFO] 1 change detected
2025-03-17 17:39:29,067 [INFO] 1 change detected
2025-03-17 17:39:29,481 [INFO] 1 change detected
2025-03-17 17:39:29,886 [INFO] 1 change detected
2025-03-17 17:39:30,294 [INFO] 1 change detected
2025-03-17 17:39:30,663 [INFO] 1 change detected
2025-03-17 17:39:32,032 [INFO] 1 change detected
2025-03-17 17:39:32,398 [INFO] 1 change detected
2025-03-17 17:39:32,805 [INFO] 1 change detected
2025-03-17 17:39:33,214 [INFO] 1 change detected
2025-03-17 17:39:33,620 [INFO] 1 change detected
2025-03-17 17:39:33,980 [INFO] 1 change detected
2025-03-17 17:39:34,396 [INFO] 1 change detected
2025-03-17 17:39:35,718 [INFO] 1 change detected
2025-03-17 17:39:36,085 [INFO] 1 change detected
2025-03-17 17:39:36,447 [INFO] 1 change detected
2025-03-17 17:39:36,879 [INFO] 1 change detected
2025-03-17 17:39:37,329 [INFO] 1 change detected
2025-03-17 17:39:37,738 [INFO] 1 change detected
2025-03-17 17:39:39,001 [INFO] 1 change detected
2025-03-17 17:39:39,361 [INFO] 1 change detected
2025-03-17 17:39:39,725 [INFO] 1 change detected
2025-03-17 17:39:40,137 [INFO] 1 change detected
2025-03-17 17:39:40,549 [INFO] 1 change detected
2025-03-17 17:39:40,910 [INFO] 1 change detected
2025-03-17 17:39:41,322 [INFO] 1 change detected
2025-03-17 17:39:42,743 [INFO] 1 change detected
2025-03-17 17:39:43,099 [INFO] 1 change detected
2025-03-17 17:39:43,462 [INFO] 1 change detected
2025-03-17 17:39:43,879 [INFO] 1 change detected
2025-03-17 17:39:44,287 [INFO] 1 change detected
2025-03-17 17:39:44,697 [INFO] 1 change detected
2025-03-17 17:39:45,815 [INFO] 1 change detected
2025-03-17 17:39:46,168 [INFO] 1 change detected
2025-03-17 17:39:46,592 [INFO] 1 change detected
2025-03-17 17:39:46,957 [INFO] 1 change detected
2025-03-17 17:39:47,367 [INFO] 1 change detected
2025-03-17 17:39:47,775 [INFO] 1 change detected
2025-03-17 17:39:48,183 [INFO] 1 change detected
2025-03-17 17:39:49,457 [INFO] 1 change detected
2025-03-17 17:39:49,823 [INFO] 1 change detected
2025-03-17 17:39:50,231 [INFO] 1 change detected
2025-03-17 17:39:50,638 [INFO] 1 change detected
2025-03-17 17:39:50,999 [INFO] 1 change detected
2025-03-17 17:39:51,410 [INFO] 1 change detected
2025-03-17 17:39:52,573 [INFO] 1 change detected
2025-03-17 17:39:52,929 [INFO] 1 change detected
2025-03-17 17:39:53,175 [INFO] Shutting down the API server...
2025-03-17 17:40:20,395 [INFO] Starting up the API server...
2025-03-17 17:40:20,396 [INFO] API server started successfully
2025-03-17 17:40:52,185 [INFO] Request: GET /health - Client: 127.0.0.1 - Params: 
2025-03-17 17:41:03,594 [INFO] Response: GET /health - Status: 200 - Time: 11408.81ms
2025-03-17 17:41:05,634 [INFO] Request: GET /info - Client: 127.0.0.1 - Params: version=non_existent
2025-03-17 17:41:05,640 [ERROR] HTTP error: 404 - Model 'default' not found with version 'non_existent'
2025-03-17 17:41:05,641 [INFO] Response: GET /info - Status: 404 - Time: 7.01ms
2025-03-17 17:41:07,683 [INFO] Request: GET /info - Client: 127.0.0.1 - Params: 
2025-03-17 17:41:07,691 [INFO] Response: GET /info - Status: 200 - Time: 8.00ms
2025-03-17 17:41:09,720 [INFO] Request: GET /info - Client: 127.0.0.1 - Params: 
2025-03-17 17:41:09,726 [INFO] Response: GET /info - Status: 200 - Time: 7.00ms
2025-03-17 17:41:11,754 [INFO] Request: GET /info - Client: 127.0.0.1 - Params: 
2025-03-17 17:41:11,759 [INFO] Response: GET /info - Status: 200 - Time: 5.02ms
2025-03-17 17:41:13,798 [INFO] Request: GET /info - Client: 127.0.0.1 - Params: 
2025-03-17 17:41:13,802 [INFO] Response: GET /info - Status: 200 - Time: 3.99ms
2025-03-17 17:41:15,844 [INFO] Request: GET /info - Client: 127.0.0.1 - Params: 
2025-03-17 17:41:15,849 [INFO] Response: GET /info - Status: 200 - Time: 5.00ms
2025-03-17 17:41:17,887 [INFO] Request: GET /info - Client: 127.0.0.1 - Params: 
2025-03-17 17:41:17,893 [INFO] Response: GET /info - Status: 200 - Time: 5.99ms
2025-03-17 17:41:19,928 [INFO] Request: GET /info - Client: 127.0.0.1 - Params: 
2025-03-17 17:41:19,932 [INFO] Response: GET /info - Status: 200 - Time: 4.00ms
2025-03-17 17:41:21,971 [INFO] Request: GET /info - Client: 127.0.0.1 - Params: 
2025-03-17 17:41:21,976 [INFO] Response: GET /info - Status: 200 - Time: 5.99ms
2025-03-17 17:41:23,999 [INFO] Request: GET /info - Client: 127.0.0.1 - Params: 
2025-03-17 17:41:24,003 [INFO] Response: GET /info - Status: 200 - Time: 4.05ms
2025-03-17 17:41:26,037 [INFO] Request: GET /info - Client: 127.0.0.1 - Params: 
2025-03-17 17:41:26,041 [INFO] Response: GET /info - Status: 200 - Time: 4.02ms
2025-03-17 17:41:28,083 [INFO] Request: GET /info - Client: 127.0.0.1 - Params: 
2025-03-17 17:41:28,088 [INFO] Response: GET /info - Status: 200 - Time: 5.00ms
2025-03-17 17:41:30,128 [INFO] Request: GET /info - Client: 127.0.0.1 - Params: 
2025-03-17 17:41:30,133 [INFO] Response: GET /info - Status: 200 - Time: 5.26ms
2025-03-17 17:41:32,157 [INFO] Request: GET /info - Client: 127.0.0.1 - Params: 
2025-03-17 17:41:32,163 [INFO] Response: GET /info - Status: 200 - Time: 5.58ms
2025-03-17 17:41:34,195 [INFO] Request: GET /info - Client: 127.0.0.1 - Params: 
2025-03-17 17:41:34,200 [INFO] Response: GET /info - Status: 200 - Time: 5.00ms
2025-03-17 17:41:36,230 [INFO] Request: GET /info - Client: 127.0.0.1 - Params: 
2025-03-17 17:41:36,233 [INFO] Response: GET /info - Status: 200 - Time: 3.08ms
2025-03-17 17:41:38,275 [INFO] Request: GET /info - Client: 127.0.0.1 - Params: 
2025-03-17 17:41:38,280 [INFO] Response: GET /info - Status: 200 - Time: 6.35ms
2025-03-17 17:41:40,304 [INFO] Request: GET /info - Client: 127.0.0.1 - Params: 
2025-03-17 17:41:40,307 [INFO] Response: GET /info - Status: 200 - Time: 3.60ms
2025-03-17 17:42:08,154 [INFO] Request: POST /predict - Client: 127.0.0.1 - Params: 
2025-03-17 17:42:08,176 [INFO] Response: POST /predict - Status: 200 - Time: 22.79ms
2025-03-17 17:42:10,226 [INFO] Request: POST /predict - Client: 127.0.0.1 - Params: 
2025-03-17 17:42:10,232 [ERROR] Validation error: body.sepal_length: Input should be greater than 0
2025-03-17 17:42:10,233 [INFO] Response: POST /predict - Status: 422 - Time: 7.88ms
2025-03-17 17:42:12,269 [INFO] Request: POST /predict - Client: 127.0.0.1 - Params: 
2025-03-17 17:42:12,275 [ERROR] Validation error: body.petal_length: Field required
2025-03-17 17:42:12,276 [INFO] Response: POST /predict - Status: 422 - Time: 6.55ms
2025-03-17 17:42:14,308 [INFO] Request: POST /predict - Client: 127.0.0.1 - Params: 
2025-03-17 17:42:14,321 [INFO] Response: POST /predict - Status: 200 - Time: 13.02ms
2025-03-17 17:42:16,358 [INFO] Request: POST /predict - Client: 127.0.0.1 - Params: 
2025-03-17 17:42:16,363 [ERROR] Validation error: body.sepal_length: Input should be a valid number, unable to parse string as a number
2025-03-17 17:42:16,364 [INFO] Response: POST /predict - Status: 422 - Time: 6.00ms
2025-03-17 17:42:18,401 [INFO] Request: POST /predict - Client: 127.0.0.1 - Params: 
2025-03-17 17:42:18,407 [ERROR] Validation error: body: Value error, Sepal length is typically greater than petal length for iris flowers
2025-03-17 17:42:18,408 [INFO] Response: POST /predict - Status: 422 - Time: 7.02ms
2025-03-17 17:46:49,857 [INFO] Shutting down the API server...
2025-03-17 17:56:02,887 [INFO] Request: GET / - Client: 127.0.0.1 - Params: 
2025-03-17 17:56:02,889 [INFO] Response: GET / - Status: 200 - Time: 2.12ms
2025-03-17 17:56:02,955 [INFO] Request: GET /favicon.ico - Client: 127.0.0.1 - Params: 
2025-03-17 17:56:02,956 [INFO] Response: GET /favicon.ico - Status: 404 - Time: 0.97ms
2025-03-17 17:56:06,954 [INFO] Request: GET /docs - Client: 127.0.0.1 - Params: 
2025-03-17 17:56:06,955 [INFO] Response: GET /docs - Status: 200 - Time: 1.00ms
2025-03-17 17:56:07,359 [INFO] Request: GET /openapi.json - Client: 127.0.0.1 - Params: 
2025-03-17 17:56:07,388 [INFO] Response: GET /openapi.json - Status: 200 - Time: 29.00ms
2025-03-17 17:58:00,570 [INFO] Request: GET /docs - Client: 127.0.0.1 - Params: 
2025-03-17 17:58:00,573 [INFO] Response: GET /docs - Status: 200 - Time: 3.00ms
2025-03-17 17:58:00,683 [INFO] Request: GET /openapi.json - Client: 127.0.0.1 - Params: 
2025-03-17 17:58:00,704 [INFO] Response: GET /openapi.json - Status: 200 - Time: 20.98ms
2025-03-17 17:58:41,418 [INFO] Request: GET /redoc - Client: 127.0.0.1 - Params: 
2025-03-17 17:58:41,420 [INFO] Response: GET /redoc - Status: 200 - Time: 3.06ms
2025-03-17 17:58:41,693 [INFO] Request: GET /openapi.json - Client: 127.0.0.1 - Params: 
2025-03-17 17:58:41,695 [INFO] Response: GET /openapi.json - Status: 200 - Time: 2.21ms
2025-03-17 18:10:30,693 [INFO] Request: GET /docs - Client: 127.0.0.1 - Params: 
2025-03-17 18:10:30,696 [INFO] Response: GET /docs - Status: 200 - Time: 4.09ms
2025-03-17 18:10:30,794 [INFO] Request: GET /openapi.json - Client: 127.0.0.1 - Params: 
2025-03-17 18:10:30,817 [INFO] Response: GET /openapi.json - Status: 200 - Time: 23.19ms
2025-03-17 18:10:52,770 [INFO] Request: GET /redoc - Client: 127.0.0.1 - Params: 
2025-03-17 18:10:52,773 [INFO] Response: GET /redoc - Status: 200 - Time: 3.22ms
2025-03-17 18:10:52,935 [INFO] Request: GET /openapi.json - Client: 127.0.0.1 - Params: 
2025-03-17 18:10:52,938 [INFO] Response: GET /openapi.json - Status: 200 - Time: 2.75ms
2025-03-17 18:11:12,771 [INFO] Request: GET /docs - Client: 127.0.0.1 - Params: 
2025-03-17 18:11:12,774 [INFO] Response: GET /docs - Status: 200 - Time: 3.27ms
2025-03-17 18:11:13,152 [INFO] Request: GET /openapi.json - Client: 127.0.0.1 - Params: 
2025-03-17 18:11:13,154 [INFO] Response: GET /openapi.json - Status: 200 - Time: 3.42ms
2025-03-17 18:11:16,215 [INFO] Request: GET /documentation - Client: 127.0.0.1 - Params: 
2025-03-17 18:11:16,222 [INFO] Response: GET /documentation - Status: 200 - Time: 7.00ms
2025-03-17 18:13:42,989 [INFO] Request: GET / - Client: 127.0.0.1 - Params: 
2025-03-17 18:13:42,992 [INFO] Response: GET / - Status: 200 - Time: 3.01ms
2025-03-17 18:13:45,068 [INFO] Request: GET /info - Client: 127.0.0.1 - Params: 
2025-03-17 18:13:46,829 [INFO] Response: GET /info - Status: 200 - Time: 1761.54ms
2025-03-17 18:13:48,867 [INFO] Request: POST /predict - Client: 127.0.0.1 - Params: 
2025-03-17 18:13:48,883 [INFO] Response: POST /predict - Status: 200 - Time: 16.00ms
2025-03-23 18:33:14,517 [INFO] Request: GET / - Client: 127.0.0.1 - Params: 
2025-03-23 18:33:14,520 [INFO] Response: GET / - Status: 200 - Time: 2.99ms
2025-03-23 18:33:17,618 [INFO] Request: GET /favicon.ico - Client: 127.0.0.1 - Params: 
2025-03-23 18:33:17,620 [INFO] Response: GET /favicon.ico - Status: 404 - Time: 1.42ms
2025-03-23 18:33:20,704 [INFO] Request: GET /docs - Client: 127.0.0.1 - Params: 
2025-03-23 18:33:20,706 [INFO] Response: GET /docs - Status: 200 - Time: 2.01ms
2025-03-23 18:33:21,429 [INFO] Request: GET /openapi.json - Client: 127.0.0.1 - Params: 
2025-03-23 18:33:21,444 [INFO] Response: GET /openapi.json - Status: 200 - Time: 15.11ms
